<?xml version="1.0" encoding="UTF-8"?>
<!-- Generated by org.testng.reporters.JUnitReportReporter -->
<testsuite skipped="0" hostname="LAPTOP-NCEIQM2B" name="Tests.Smoke.EmoneyManagement.TestAdminTransfer" tests="3" failures="0" timestamp="05 Oct 2018 09:17:03 GMT" time="14.293" errors="0">
  <testcase name="verifyThatBothSourceAndDestinationCannotBeMerchant" time="1.753" classname="Tests.Smoke.EmoneyManagement.TestAdminTransfer"/>
  <testcase name="verifyThatSourceAndDestinationCannotBeEqual" time="0.685" classname="Tests.Smoke.EmoneyManagement.TestAdminTransfer"/>
  <testcase name="verifyThatAdminTransferCanBeApproved" time="11.855" classname="Tests.Smoke.EmoneyManagement.TestAdminTransfer"/>
</testsuite> <!-- Tests.Smoke.EmoneyManagement.TestAdminTransfer -->
