<?xml version="1.0" encoding="UTF-8"?>
<!-- Generated by org.testng.reporters.JUnitReportReporter -->
<testsuite skipped="0" hostname="LAPTOP-NCEIQM2B" name="Tests.Smoke.Services.TestServiceBulkCreation" tests="1" failures="0" timestamp="04 Oct 2018 14:54:00 GMT" time="7.875" errors="0">
  <testcase name="verifyCreationOfP2PPrepaidService" time="7.875" classname="Tests.Smoke.Services.TestServiceBulkCreation"/>
</testsuite> <!-- Tests.Smoke.Services.TestServiceBulkCreation -->
