<?xml version="1.0" encoding="UTF-8"?>
<!-- Generated by org.testng.reporters.JUnitReportReporter -->
<testsuite skipped="0" hostname="LAPTOP-NCEIQM2B" name="Tests.Smoke.EmoneyManagement.TestAdminReverse" tests="4" failures="0" timestamp="01 Oct 2018 08:30:17 GMT" time="16.117" errors="0">
  <testcase name="verifyThatConfirmedAdminReverseCantBeReversedAgain" time="1.770" classname="Tests.Smoke.EmoneyManagement.TestAdminReverse"/>
  <testcase name="verifyThatRejectedReverseCanBeReversedAndConfirmedAgain" time="4.286" classname="Tests.Smoke.EmoneyManagement.TestAdminReverse"/>
  <testcase name="verifySuccessfulConfirmationOfAdminReverse" time="5.096" classname="Tests.Smoke.EmoneyManagement.TestAdminReverse"/>
  <testcase name="verifySuccessfulRejectionOfAdminReverse" time="4.965" classname="Tests.Smoke.EmoneyManagement.TestAdminReverse"/>
</testsuite> <!-- Tests.Smoke.EmoneyManagement.TestAdminReverse -->
