<?xml version="1.0" encoding="UTF-8"?>
<!-- Generated by org.testng.reporters.JUnitReportReporter -->
<testsuite skipped="0" hostname="LAPTOP-NCEIQM2B" name="Tests.Smoke.Merchants.TestMerchantCreation" tests="1" failures="0" timestamp="03 Oct 2018 11:17:31 GMT" time="78.556" errors="0">
  <testcase name="merchantCreation" time="78.556" classname="Tests.Smoke.Merchants.TestMerchantCreation"/>
</testsuite> <!-- Tests.Smoke.Merchants.TestMerchantCreation -->
