<?xml version="1.0" encoding="UTF-8"?>
<!-- Generated by org.testng.reporters.JUnitReportReporter -->
<testsuite skipped="24" hostname="LAPTOP-NCEIQM2B" name="Tests.Smoke.Transactions.TestTransactions" tests="24" failures="0" timestamp="03 Oct 2018 02:53:52 GMT" time="0.000" errors="0">
  <testcase name="verifyAbilityToSearchAdminTransferSuccess" time="0.000" classname="Tests.Smoke.Transactions.TestTransactions">
    <skipped/>
  </testcase> <!-- verifyAbilityToSearchAdminTransferSuccess -->
  <testcase name="verifyAbilityToSearchAdminTransferFail" time="0.000" classname="Tests.Smoke.Transactions.TestTransactions">
    <skipped/>
  </testcase> <!-- verifyAbilityToSearchAdminTransferFail -->
  <testcase name="verifyAbilityToSearchAdminTransferRejected" time="0.000" classname="Tests.Smoke.Transactions.TestTransactions">
    <skipped/>
  </testcase> <!-- verifyAbilityToSearchAdminTransferRejected -->
  <testcase name="verifyAbilityToSearchAdminTransferSuspend" time="0.000" classname="Tests.Smoke.Transactions.TestTransactions">
    <skipped/>
  </testcase> <!-- verifyAbilityToSearchAdminTransferSuspend -->
  <testcase name="verifyAbilityToSearchPurchaseSuccess" time="0.000" classname="Tests.Smoke.Transactions.TestTransactions">
    <skipped/>
  </testcase> <!-- verifyAbilityToSearchPurchaseSuccess -->
  <testcase name="verifyAbilityToSearchPurchaseFail" time="0.000" classname="Tests.Smoke.Transactions.TestTransactions">
    <skipped/>
  </testcase> <!-- verifyAbilityToSearchPurchaseFail -->
  <testcase name="verifyAbilityToSearchPurchaseRejected" time="0.000" classname="Tests.Smoke.Transactions.TestTransactions">
    <skipped/>
  </testcase> <!-- verifyAbilityToSearchPurchaseRejected -->
  <testcase name="verifyAbilityToSearchPurchaseSuspend" time="0.000" classname="Tests.Smoke.Transactions.TestTransactions">
    <skipped/>
  </testcase> <!-- verifyAbilityToSearchPurchaseSuspend -->
  <testcase name="verifyAbilityToSearchPrimingSuccess" time="0.000" classname="Tests.Smoke.Transactions.TestTransactions">
    <skipped/>
  </testcase> <!-- verifyAbilityToSearchPrimingSuccess -->
  <testcase name="verifyAbilityToSearchPrimingFail" time="0.000" classname="Tests.Smoke.Transactions.TestTransactions">
    <skipped/>
  </testcase> <!-- verifyAbilityToSearchPrimingFail -->
  <testcase name="verifyAbilityToSearchPrimingRejected" time="0.000" classname="Tests.Smoke.Transactions.TestTransactions">
    <skipped/>
  </testcase> <!-- verifyAbilityToSearchPrimingRejected -->
  <testcase name="verifyAbilityToSearchPrimingSuspend" time="0.000" classname="Tests.Smoke.Transactions.TestTransactions">
    <skipped/>
  </testcase> <!-- verifyAbilityToSearchPrimingSuspend -->
  <testcase name="verifyAbilityToSearchRetirementSuccess" time="0.000" classname="Tests.Smoke.Transactions.TestTransactions">
    <skipped/>
  </testcase> <!-- verifyAbilityToSearchRetirementSuccess -->
  <testcase name="verifyAbilityToSearchretirementFail" time="0.000" classname="Tests.Smoke.Transactions.TestTransactions">
    <skipped/>
  </testcase> <!-- verifyAbilityToSearchretirementFail -->
  <testcase name="verifyAbilityToSearchretirementRejected" time="0.000" classname="Tests.Smoke.Transactions.TestTransactions">
    <skipped/>
  </testcase> <!-- verifyAbilityToSearchretirementRejected -->
  <testcase name="verifyAbilityToSearchRetirementSuspend" time="0.000" classname="Tests.Smoke.Transactions.TestTransactions">
    <skipped/>
  </testcase> <!-- verifyAbilityToSearchRetirementSuspend -->
  <testcase name="verifyAbilityToSearchMerchantFundoutSuccess" time="0.000" classname="Tests.Smoke.Transactions.TestTransactions">
    <skipped/>
  </testcase> <!-- verifyAbilityToSearchMerchantFundoutSuccess -->
  <testcase name="verifyAbilityToSearchMerchantFundoutFail" time="0.000" classname="Tests.Smoke.Transactions.TestTransactions">
    <skipped/>
  </testcase> <!-- verifyAbilityToSearchMerchantFundoutFail -->
  <testcase name="verifyAbilityToSearchMerchantFundoutRejected" time="0.000" classname="Tests.Smoke.Transactions.TestTransactions">
    <skipped/>
  </testcase> <!-- verifyAbilityToSearchMerchantFundoutRejected -->
  <testcase name="verifyAbilityToSearchMerchantFundoutSuspend" time="0.000" classname="Tests.Smoke.Transactions.TestTransactions">
    <skipped/>
  </testcase> <!-- verifyAbilityToSearchMerchantFundoutSuspend -->
  <testcase name="verifyAbilityToSearchCloseAccountSuccess" time="0.000" classname="Tests.Smoke.Transactions.TestTransactions">
    <skipped/>
  </testcase> <!-- verifyAbilityToSearchCloseAccountSuccess -->
  <testcase name="verifyAbilityToSearchCloseAcountFail" time="0.000" classname="Tests.Smoke.Transactions.TestTransactions">
    <skipped/>
  </testcase> <!-- verifyAbilityToSearchCloseAcountFail -->
  <testcase name="verifyAbilityToSearchCloseAccountRejected" time="0.000" classname="Tests.Smoke.Transactions.TestTransactions">
    <skipped/>
  </testcase> <!-- verifyAbilityToSearchCloseAccountRejected -->
  <testcase name="verifyAbilityToSearchCloseAccountSuspend" time="0.000" classname="Tests.Smoke.Transactions.TestTransactions">
    <skipped/>
  </testcase> <!-- verifyAbilityToSearchCloseAccountSuspend -->
</testsuite> <!-- Tests.Smoke.Transactions.TestTransactions -->
