<?xml version="1.0" encoding="UTF-8"?>
<!-- Generated by org.testng.reporters.JUnitReportReporter -->
<testsuite skipped="3" hostname="LAPTOP-NCEIQM2B" name="Tests.Smoke.Myprofilehelp.TestMyProfile" tests="4" failures="0" timestamp="05 Oct 2018 09:17:03 GMT" time="25.040" errors="0">
  <testcase name="verifyLogIn" time="25.040" classname="Tests.Smoke.Myprofilehelp.TestMyProfile"/>
  <testcase name="verifyThatPasswordIsNotChangedIfNewPasswordIsAsPreviousOne" classname="Tests.Smoke.Myprofilehelp.TestMyProfile">
    <skipped/>
  </testcase> <!-- verifyThatPasswordIsNotChangedIfNewPasswordIsAsPreviousOne -->
  <testcase name="verifyAbilityToChangePassword" classname="Tests.Smoke.Myprofilehelp.TestMyProfile">
    <skipped/>
  </testcase> <!-- verifyAbilityToChangePassword -->
  <testcase name="verifyThatPasswordIsNotChangedIfOldPasswordIsInvalid" classname="Tests.Smoke.Myprofilehelp.TestMyProfile">
    <skipped/>
  </testcase> <!-- verifyThatPasswordIsNotChangedIfOldPasswordIsInvalid -->
</testsuite> <!-- Tests.Smoke.Myprofilehelp.TestMyProfile -->
