<?xml version="1.0" encoding="UTF-8"?>
<!-- Generated by org.testng.reporters.JUnitReportReporter -->
<testsuite skipped="0" hostname="LAPTOP-NCEIQM2B" name="Tests.Smoke.EmoneyManagement.TestAdminTransfer" tests="3" failures="0" timestamp="01 Oct 2018 08:30:17 GMT" time="8.149" errors="0">
  <testcase name="verifyThatSourceAndDestinationCannotBeEqual" time="0.667" classname="Tests.Smoke.EmoneyManagement.TestAdminTransfer"/>
  <testcase name="verifyThatBothSourceAndDestinationCannotBeMerchant" time="1.442" classname="Tests.Smoke.EmoneyManagement.TestAdminTransfer"/>
  <testcase name="verifyThatAdminTransferCanBeApproved" time="6.040" classname="Tests.Smoke.EmoneyManagement.TestAdminTransfer"/>
</testsuite> <!-- Tests.Smoke.EmoneyManagement.TestAdminTransfer -->
