<?xml version="1.0" encoding="UTF-8"?>
<!-- Generated by org.testng.reporters.JUnitReportReporter -->
<testsuite skipped="0" hostname="LAPTOP-NCEIQM2B" name="Tests.Smoke.EmoneyManagement.TestAdminReverse" tests="4" failures="0" timestamp="04 Oct 2018 11:55:34 GMT" time="14.962" errors="0">
  <testcase name="verifySuccessfulConfirmationOfAdminReverse" time="5.152" classname="Tests.Smoke.EmoneyManagement.TestAdminReverse"/>
  <testcase name="verifyThatConfirmedAdminReverseCantBeReversedAgain" time="1.206" classname="Tests.Smoke.EmoneyManagement.TestAdminReverse"/>
  <testcase name="verifySuccessfulRejectionOfAdminReverse" time="4.254" classname="Tests.Smoke.EmoneyManagement.TestAdminReverse"/>
  <testcase name="verifyThatRejectedReverseCanBeReversedAndConfirmedAgain" time="4.350" classname="Tests.Smoke.EmoneyManagement.TestAdminReverse"/>
</testsuite> <!-- Tests.Smoke.EmoneyManagement.TestAdminReverse -->
