<?xml version="1.0" encoding="UTF-8"?>
<!-- Generated by org.testng.reporters.JUnitReportReporter -->
<testsuite skipped="0" hostname="LAPTOP-NCEIQM2B" name="Tests.Smoke.EmoneyManagement.TestAdminReverse" tests="4" failures="0" timestamp="03 Oct 2018 11:17:31 GMT" time="14.006" errors="0">
  <testcase name="verifySuccessfulRejectionOfAdminReverse" time="4.024" classname="Tests.Smoke.EmoneyManagement.TestAdminReverse"/>
  <testcase name="verifySuccessfulConfirmationOfAdminReverse" time="4.505" classname="Tests.Smoke.EmoneyManagement.TestAdminReverse"/>
  <testcase name="verifyThatRejectedReverseCanBeReversedAndConfirmedAgain" time="4.325" classname="Tests.Smoke.EmoneyManagement.TestAdminReverse"/>
  <testcase name="verifyThatConfirmedAdminReverseCantBeReversedAgain" time="1.152" classname="Tests.Smoke.EmoneyManagement.TestAdminReverse"/>
</testsuite> <!-- Tests.Smoke.EmoneyManagement.TestAdminReverse -->
