<?xml version="1.0" encoding="UTF-8"?>
<!-- Generated by org.testng.reporters.JUnitReportReporter -->
<testsuite skipped="0" hostname="LAPTOP-NCEIQM2B" name="Tests.Smoke.Services.TestServiceBulkCreation" tests="1" failures="0" timestamp="05 Oct 2018 09:17:03 GMT" time="7.138" errors="0">
  <testcase name="verifyCreationOfP2PPrepaidService" time="7.138" classname="Tests.Smoke.Services.TestServiceBulkCreation"/>
</testsuite> <!-- Tests.Smoke.Services.TestServiceBulkCreation -->
