<?xml version="1.0" encoding="UTF-8"?>
<!-- Generated by org.testng.reporters.JUnitReportReporter -->
<testsuite skipped="0" hostname="LAPTOP-NCEIQM2B" name="Tests.Smoke.EmoneyManagement.TestAdminReverse" tests="4" failures="0" timestamp="05 Oct 2018 09:17:03 GMT" time="51.731" errors="0">
  <testcase name="verifyThatConfirmedAdminReverseCantBeReversedAgain" time="7.521" classname="Tests.Smoke.EmoneyManagement.TestAdminReverse"/>
  <testcase name="verifySuccessfulConfirmationOfAdminReverse" time="19.364" classname="Tests.Smoke.EmoneyManagement.TestAdminReverse"/>
  <testcase name="verifySuccessfulRejectionOfAdminReverse" time="13.331" classname="Tests.Smoke.EmoneyManagement.TestAdminReverse"/>
  <testcase name="verifyThatRejectedReverseCanBeReversedAndConfirmedAgain" time="11.515" classname="Tests.Smoke.EmoneyManagement.TestAdminReverse"/>
</testsuite> <!-- Tests.Smoke.EmoneyManagement.TestAdminReverse -->
