<?xml version="1.0" encoding="UTF-8"?>
<!-- Generated by org.testng.reporters.JUnitReportReporter -->
<testsuite skipped="0" hostname="LAPTOP-NCEIQM2B" name="Tests.Smoke.EmoneyManagement.TestAdminTransfer" tests="3" failures="0" timestamp="03 Oct 2018 11:17:31 GMT" time="7.114" errors="0">
  <testcase name="verifyThatSourceAndDestinationCannotBeEqual" time="0.631" classname="Tests.Smoke.EmoneyManagement.TestAdminTransfer"/>
  <testcase name="verifyThatAdminTransferCanBeApproved" time="5.173" classname="Tests.Smoke.EmoneyManagement.TestAdminTransfer"/>
  <testcase name="verifyThatBothSourceAndDestinationCannotBeMerchant" time="1.310" classname="Tests.Smoke.EmoneyManagement.TestAdminTransfer"/>
</testsuite> <!-- Tests.Smoke.EmoneyManagement.TestAdminTransfer -->
