<?xml version="1.0" encoding="UTF-8"?>
<!-- Generated by org.testng.reporters.JUnitReportReporter -->
<testsuite skipped="0" hostname="LAPTOP-NCEIQM2B" name="Tests.Smoke.Merchants.TestMerchantCreation" tests="1" failures="0" timestamp="04 Oct 2018 12:19:02 GMT" time="73.138" errors="0">
  <testcase name="merchantCreation" time="73.138" classname="Tests.Smoke.Merchants.TestMerchantCreation"/>
</testsuite> <!-- Tests.Smoke.Merchants.TestMerchantCreation -->
