<?xml version="1.0" encoding="UTF-8"?>
<!-- Generated by org.testng.reporters.JUnitReportReporter -->
<testsuite skipped="3" hostname="LAPTOP-NCEIQM2B" name="Tests.Smoke.Myprofilehelp.TestMyProfile" tests="6" failures="0" timestamp="03 Oct 2018 11:17:31 GMT" time="12.334" errors="0">
  <testcase name="verifyAbilityToREEditAllAccountDetails" time="1.174" classname="Tests.Smoke.Myprofilehelp.TestMyProfile"/>
  <testcase name="verifyAbilityToEditAllAccountDetails" time="4.093" classname="Tests.Smoke.Myprofilehelp.TestMyProfile"/>
  <testcase name="verifyLogIn" time="7.067" classname="Tests.Smoke.Myprofilehelp.TestMyProfile"/>
  <testcase name="verifyThatPasswordIsNotChangedIfNewPasswordIsAsPreviousOne" classname="Tests.Smoke.Myprofilehelp.TestMyProfile">
    <skipped/>
  </testcase> <!-- verifyThatPasswordIsNotChangedIfNewPasswordIsAsPreviousOne -->
  <testcase name="verifyAbilityToChangePassword" classname="Tests.Smoke.Myprofilehelp.TestMyProfile">
    <skipped/>
  </testcase> <!-- verifyAbilityToChangePassword -->
  <testcase name="verifyThatPasswordIsNotChangedIfOldPasswordIsInvalid" classname="Tests.Smoke.Myprofilehelp.TestMyProfile">
    <skipped/>
  </testcase> <!-- verifyThatPasswordIsNotChangedIfOldPasswordIsInvalid -->
</testsuite> <!-- Tests.Smoke.Myprofilehelp.TestMyProfile -->
