<?xml version="1.0" encoding="UTF-8"?>
<!-- Generated by org.testng.reporters.JUnitReportReporter -->
<testsuite skipped="0" hostname="LAPTOP-NCEIQM2B" name="Tests.Smoke.EmoneyManagement.TestAdminTransfer" tests="3" failures="0" timestamp="04 Oct 2018 11:55:34 GMT" time="7.639" errors="0">
  <testcase name="verifyThatAdminTransferCanBeApproved" time="5.285" classname="Tests.Smoke.EmoneyManagement.TestAdminTransfer"/>
  <testcase name="verifyThatBothSourceAndDestinationCannotBeMerchant" time="1.429" classname="Tests.Smoke.EmoneyManagement.TestAdminTransfer"/>
  <testcase name="verifyThatSourceAndDestinationCannotBeEqual" time="0.925" classname="Tests.Smoke.EmoneyManagement.TestAdminTransfer"/>
</testsuite> <!-- Tests.Smoke.EmoneyManagement.TestAdminTransfer -->
