<?xml version="1.0" encoding="UTF-8"?>
<!-- Generated by org.testng.reporters.JUnitReportReporter -->
<testsuite skipped="0" hostname="LAPTOP-NCEIQM2B" name="Tests.Smoke.EmoneyManagement.TestManualRetirement" tests="1" failures="0" timestamp="04 Oct 2018 11:55:34 GMT" time="1.800" errors="0">
  <testcase name="verifySuccessfullCreationOfRetirementWithExactAmount" time="1.800" classname="Tests.Smoke.EmoneyManagement.TestManualRetirement"/>
</testsuite> <!-- Tests.Smoke.EmoneyManagement.TestManualRetirement -->
