<?xml version="1.0" encoding="UTF-8"?>
<!-- Generated by org.testng.reporters.JUnitReportReporter -->
<testsuite skipped="0" hostname="LAPTOP-NCEIQM2B" name="Tests.Smoke.EmoneyManagement.TestManualRetirement" tests="1" failures="0" timestamp="01 Oct 2018 08:30:17 GMT" time="1.802" errors="0">
  <testcase name="verifySuccessfullCreationOfRetirementWithExactAmount" time="1.802" classname="Tests.Smoke.EmoneyManagement.TestManualRetirement"/>
</testsuite> <!-- Tests.Smoke.EmoneyManagement.TestManualRetirement -->
