<?xml version="1.0" encoding="UTF-8"?>
<!-- Generated by org.testng.reporters.JUnitReportReporter -->
<testsuite skipped="4" hostname="LAPTOP-NCEIQM2B" name="Tests.Smoke.Myprofilehelp.TestMyProfile" tests="6" failures="0" timestamp="01 Oct 2018 08:30:17 GMT" time="13.331" errors="0">
  <testcase name="verifyAbilityToEditAllAccountDetails" time="4.506" classname="Tests.Smoke.Myprofilehelp.TestMyProfile"/>
  <testcase name="verifyLogIn" time="8.825" classname="Tests.Smoke.Myprofilehelp.TestMyProfile"/>
  <testcase name="verifyAbilityToREEditAllAccountDetails" classname="Tests.Smoke.Myprofilehelp.TestMyProfile">
    <skipped/>
  </testcase> <!-- verifyAbilityToREEditAllAccountDetails -->
  <testcase name="verifyThatPasswordIsNotChangedIfNewPasswordIsAsPreviousOne" classname="Tests.Smoke.Myprofilehelp.TestMyProfile">
    <skipped/>
  </testcase> <!-- verifyThatPasswordIsNotChangedIfNewPasswordIsAsPreviousOne -->
  <testcase name="verifyAbilityToChangePassword" classname="Tests.Smoke.Myprofilehelp.TestMyProfile">
    <skipped/>
  </testcase> <!-- verifyAbilityToChangePassword -->
  <testcase name="verifyThatPasswordIsNotChangedIfOldPasswordIsInvalid" classname="Tests.Smoke.Myprofilehelp.TestMyProfile">
    <skipped/>
  </testcase> <!-- verifyThatPasswordIsNotChangedIfOldPasswordIsInvalid -->
</testsuite> <!-- Tests.Smoke.Myprofilehelp.TestMyProfile -->
